<?xml version="1.0" encoding="UTF-8"?>
<testng-results ignored="0" total="1" passed="1" failed="0" skipped="0">
  <reporter-output>
  </reporter-output>
  <suite started-at="2025-06-02T11:06:33 IST" name="Default suite" finished-at="2025-06-02T11:06:33 IST" duration-ms="111">
    <groups>
    </groups>
    <test started-at="2025-06-02T11:06:33 IST" name="Default test" finished-at="2025-06-02T11:06:33 IST" duration-ms="111">
      <class name="gitbashcommands.Demo_class">
        <test-method signature="sample1()[pri:0, instance:gitbashcommands.Demo_class@6a78afa0]" started-at="2025-06-02T11:06:33 IST" name="sample1" finished-at="2025-06-02T11:06:33 IST" duration-ms="30" status="PASS">
          <reporter-output>
          </reporter-output>
        </test-method> <!-- sample1 -->
      </class> <!-- gitbashcommands.Demo_class -->
    </test> <!-- Default test -->
  </suite> <!-- Default suite -->
</testng-results>
